# JRE version: OpenJDK Runtime Environment (8.0_222-b10) (build 1.8.0_222-8u222-b10-1ubuntu1~18.04.1-b10)
# Java VM: OpenJDK 64-Bit Server VM (25.222-b10 mixed mode linux-amd64 compressed oops)
Heap:
 PSYoungGen      total 396288K, used 13188K [0x0000000719b80000, 0x0000000734380000, 0x00000007c0000000)
  eden space 392192K, 3% used [0x0000000719b80000,0x000000071a861348,0x0000000731a80000)
  from space 4096K, 0% used [0x0000000732600000,0x0000000732600000,0x0000000732a00000)
  to   space 20992K, 0% used [0x0000000732f00000,0x0000000732f00000,0x0000000734380000)
 ParOldGen       total 280576K, used 21053K [0x00000005cd200000, 0x00000005de400000, 0x0000000719b80000)
  object space 280576K, 7% used [0x00000005cd200000,0x00000005ce68f490,0x00000005de400000)
 Metaspace       used 48177K, capacity 50264K, committed 50520K, reserved 1093632K
  class space    used 5849K, capacity 6218K, committed 6272K, reserved 1048576K
GC Heap History (10 events):
Event: 1.449 GC heap before
{Heap before GC invocations=5 (full 2):
 PSYoungGen      total 278016K, used 17092K [0x0000000719b80000, 0x0000000735000000, 0x00000007c0000000)
  eden space 257024K, 0% used [0x0000000719b80000,0x0000000719b80000,0x0000000729680000)
  from space 20992K, 81% used [0x0000000729680000,0x000000072a731160,0x000000072ab00000)
  to   space 20992K, 0% used [0x0000000733b80000,0x0000000733b80000,0x0000000735000000)
 ParOldGen       total 182784K, used 6902K [0x00000005cd200000, 0x00000005d8480000, 0x0000000719b80000)
  object space 182784K, 3% used [0x00000005cd200000,0x00000005cd8bd8e8,0x00000005d8480000)
 Metaspace       used 34073K, capacity 35374K, committed 35416K, reserved 1081344K
  class space    used 4217K, capacity 4476K, committed 4480K, reserved 1048576K
Event: 1.476 GC heap after
Heap after GC invocations=5 (full 2):
 PSYoungGen      total 278016K, used 0K [0x0000000719b80000, 0x0000000735000000, 0x00000007c0000000)
  eden space 257024K, 0% used [0x0000000719b80000,0x0000000719b80000,0x0000000729680000)
  from space 20992K, 0% used [0x0000000729680000,0x0000000729680000,0x000000072ab00000)
  to   space 20992K, 0% used [0x0000000733b80000,0x0000000733b80000,0x0000000735000000)
 ParOldGen       total 280576K, used 20957K [0x00000005cd200000, 0x00000005de400000, 0x0000000719b80000)
  object space 280576K, 7% used [0x00000005cd200000,0x00000005ce6776c0,0x00000005de400000)
 Metaspace       used 34073K, capacity 35374K, committed 35416K, reserved 1081344K
  class space    used 4217K, capacity 4476K, committed 4480K, reserved 1048576K
}
Event: 1278.815 GC heap before
{Heap before GC invocations=6 (full 2):
 PSYoungGen      total 278016K, used 240307K [0x0000000719b80000, 0x0000000735000000, 0x00000007c0000000)
  eden space 257024K, 93% used [0x0000000719b80000,0x000000072862cfe0,0x0000000729680000)
  from space 20992K, 0% used [0x0000000729680000,0x0000000729680000,0x000000072ab00000)
  to   space 20992K, 0% used [0x0000000733b80000,0x0000000733b80000,0x0000000735000000)
 ParOldGen       total 280576K, used 20957K [0x00000005cd200000, 0x00000005de400000, 0x0000000719b80000)
  object space 280576K, 7% used [0x00000005cd200000,0x00000005ce6776c0,0x00000005de400000)
 Metaspace       used 47450K, capacity 49362K, committed 49752K, reserved 1093632K
  class space    used 5801K, capacity 6155K, committed 6272K, reserved 1048576K
Event: 1278.844 GC heap after
Heap after GC invocations=6 (full 2):
 PSYoungGen      total 412160K, used 19712K [0x0000000719b80000, 0x0000000734f00000, 0x00000007c0000000)
  eden space 392192K, 0% used [0x0000000719b80000,0x0000000719b80000,0x0000000731a80000)
  from space 19968K, 98% used [0x0000000733b80000,0x0000000734ec00f8,0x0000000734f00000)
  to   space 20992K, 0% used [0x0000000732600000,0x0000000732600000,0x0000000733a80000)
 ParOldGen       total 280576K, used 20973K [0x00000005cd200000, 0x00000005de400000, 0x0000000719b80000)
  object space 280576K, 7% used [0x00000005cd200000,0x00000005ce67b6c0,0x00000005de400000)
 Metaspace       used 47450K, capacity 49362K, committed 49752K, reserved 1093632K
  class space    used 5801K, capacity 6155K, committed 6272K, reserved 1048576K
}
Event: 1278.844 GC heap before
{Heap before GC invocations=7 (full 3):
 PSYoungGen      total 412160K, used 19712K [0x0000000719b80000, 0x0000000734f00000, 0x00000007c0000000)
  eden space 392192K, 0% used [0x0000000719b80000,0x0000000719b80000,0x0000000731a80000)
  from space 19968K, 98% used [0x0000000733b80000,0x0000000734ec00f8,0x0000000734f00000)
  to   space 20992K, 0% used [0x0000000732600000,0x0000000732600000,0x0000000733a80000)
 ParOldGen       total 280576K, used 20973K [0x00000005cd200000, 0x00000005de400000, 0x0000000719b80000)
  object space 280576K, 7% used [0x00000005cd200000,0x00000005ce67b6c0,0x00000005de400000)
 Metaspace       used 47450K, capacity 49362K, committed 49752K, reserved 1093632K
  class space    used 5801K, capacity 6155K, committed 6272K, reserved 1048576K
Event: 1278.971 GC heap after
Heap after GC invocations=7 (full 3):
 PSYoungGen      total 412160K, used 0K [0x0000000719b80000, 0x0000000734f00000, 0x00000007c0000000)
  eden space 392192K, 0% used [0x0000000719b80000,0x0000000719b80000,0x0000000731a80000)
  from space 19968K, 0% used [0x0000000733b80000,0x0000000733b80000,0x0000000734f00000)
  to   space 20992K, 0% used [0x0000000732600000,0x0000000732600000,0x0000000733a80000)
 ParOldGen       total 280576K, used 27965K [0x00000005cd200000, 0x00000005de400000, 0x0000000719b80000)
  object space 280576K, 9% used [0x00000005cd200000,0x00000005ced4f6c0,0x00000005de400000)
 Metaspace       used 47450K, capacity 49362K, committed 49752K, reserved 1093632K
  class space    used 5801K, capacity 6155K, committed 6272K, reserved 1048576K
}
Event: 3014.018 GC heap before
{Heap before GC invocations=8 (full 3):
 PSYoungGen      total 412160K, used 210939K [0x0000000719b80000, 0x0000000734f00000, 0x00000007c0000000)
  eden space 392192K, 53% used [0x0000000719b80000,0x000000072697eef8,0x0000000731a80000)
  from space 19968K, 0% used [0x0000000733b80000,0x0000000733b80000,0x0000000734f00000)
  to   space 20992K, 0% used [0x0000000732600000,0x0000000732600000,0x0000000733a80000)
 ParOldGen       total 280576K, used 27965K [0x00000005cd200000, 0x00000005de400000, 0x0000000719b80000)
  object space 280576K, 9% used [0x00000005cd200000,0x00000005ced4f6c0,0x00000005de400000)
 Metaspace       used 48154K, capacity 50130K, committed 50264K, reserved 1093632K
  class space    used 5848K, capacity 6217K, committed 6272K, reserved 1048576K
Event: 3014.025 GC heap after
Heap after GC invocations=8 (full 3):
 PSYoungGen      total 396288K, used 3726K [0x0000000719b80000, 0x0000000734380000, 0x00000007c0000000)
  eden space 392192K, 0% used [0x0000000719b80000,0x0000000719b80000,0x0000000731a80000)
  from space 4096K, 90% used [0x0000000732600000,0x00000007329a3a80,0x0000000732a00000)
  to   space 20992K, 0% used [0x0000000732f00000,0x0000000732f00000,0x0000000734380000)
 ParOldGen       total 280576K, used 27973K [0x00000005cd200000, 0x00000005de400000, 0x0000000719b80000)
  object space 280576K, 9% used [0x00000005cd200000,0x00000005ced516c0,0x00000005de400000)
 Metaspace       used 48154K, capacity 50130K, committed 50264K, reserved 1093632K
  class space    used 5848K, capacity 6217K, committed 6272K, reserved 1048576K
}
Event: 3014.025 GC heap before
{Heap before GC invocations=9 (full 4):
 PSYoungGen      total 396288K, used 3726K [0x0000000719b80000, 0x0000000734380000, 0x00000007c0000000)
  eden space 392192K, 0% used [0x0000000719b80000,0x0000000719b80000,0x0000000731a80000)
  from space 4096K, 90% used [0x0000000732600000,0x00000007329a3a80,0x0000000732a00000)
  to   space 20992K, 0% used [0x0000000732f00000,0x0000000732f00000,0x0000000734380000)
 ParOldGen       total 280576K, used 27973K [0x00000005cd200000, 0x00000005de400000, 0x0000000719b80000)
  object space 280576K, 9% used [0x00000005cd200000,0x00000005ced516c0,0x00000005de400000)
 Metaspace       used 48154K, capacity 50130K, committed 50264K, reserved 1093632K
  class space    used 5848K, capacity 6217K, committed 6272K, reserved 1048576K
Event: 3014.204 GC heap after
Heap after GC invocations=9 (full 4):
 PSYoungGen      total 396288K, used 0K [0x0000000719b80000, 0x0000000734380000, 0x00000007c0000000)
  eden space 392192K, 0% used [0x0000000719b80000,0x0000000719b80000,0x0000000731a80000)
  from space 4096K, 0% used [0x0000000732600000,0x0000000732600000,0x0000000732a00000)
  to   space 20992K, 0% used [0x0000000732f00000,0x0000000732f00000,0x0000000734380000)
 ParOldGen       total 280576K, used 21053K [0x00000005cd200000, 0x00000005de400000, 0x0000000719b80000)
  object space 280576K, 7% used [0x00000005cd200000,0x00000005ce68f490,0x00000005de400000)
 Metaspace       used 48151K, capacity 50124K, committed 50264K, reserved 1093632K
  class space    used 5847K, capacity 6215K, committed 6272K, reserved 1048576K
}

